<?xml version="1.0" encoding="UTF-8"?>
<testng-results ignored="0" total="2" passed="2" failed="0" skipped="0">
  <reporter-output>
  </reporter-output>
  <suite started-at="2023-12-28T19:23:22 IST" name="Default suite" finished-at="2023-12-28T19:23:37 IST" duration-ms="15005">
    <groups>
      <group name="cucumber">
        <method signature="AbstractTestNGCucumberTests.runScenario(io.cucumber.testng.PickleWrapper,io.cucumber.testng.FeatureWrapper)[pri:0, instance:cucumber.CucumberTestRunner@4a883b15]" name="runScenario" class="io.cucumber.testng.AbstractTestNGCucumberTests"/>
      </group> <!-- cucumber -->
    </groups>
    <test started-at="2023-12-28T19:23:22 IST" name="Default test" finished-at="2023-12-28T19:23:37 IST" duration-ms="15005">
      <class name="cucumber.CucumberTestRunner">
        <test-method is-config="true" signature="setUpClass(org.testng.ITestContext)[pri:0, instance:cucumber.CucumberTestRunner@4a883b15]" started-at="2023-12-28T19:23:22 IST" name="setUpClass" finished-at="2023-12-28T19:23:23 IST" duration-ms="964" status="PASS">
          <params>
            <param index="0">
              <value>
                <![CDATA[org.testng.TestRunner@6579cdbb]]>
              </value>
            </param>
          </params>
          <reporter-output>
          </reporter-output>
        </test-method> <!-- setUpClass -->
        <test-method signature="runScenario(io.cucumber.testng.PickleWrapper,io.cucumber.testng.FeatureWrapper)[pri:0, instance:cucumber.CucumberTestRunner@4a883b15]" started-at="2023-12-28T19:23:23 IST" name="runScenario" description="Runs Cucumber Scenarios" data-provider="scenarios" finished-at="2023-12-28T19:23:30 IST" duration-ms="6634" status="PASS">
          <params>
            <param index="0">
              <value>
                <![CDATA["Login with different creds to verify the app"]]>
              </value>
            </param>
            <param index="1">
              <value>
                <![CDATA["Login with different creds and verify the product is added"]]>
              </value>
            </param>
          </params>
          <reporter-output>
          </reporter-output>
        </test-method> <!-- runScenario -->
        <test-method signature="runScenario(io.cucumber.testng.PickleWrapper,io.cucumber.testng.FeatureWrapper)[pri:0, instance:cucumber.CucumberTestRunner@4a883b15]" started-at="2023-12-28T19:23:30 IST" name="runScenario" description="Runs Cucumber Scenarios" data-provider="scenarios" finished-at="2023-12-28T19:23:37 IST" duration-ms="7308" status="PASS">
          <params>
            <param index="0">
              <value>
                <![CDATA["Login with different creds to verify the app"]]>
              </value>
            </param>
            <param index="1">
              <value>
                <![CDATA["Login with different creds and verify the product is added"]]>
              </value>
            </param>
          </params>
          <reporter-output>
          </reporter-output>
        </test-method> <!-- runScenario -->
        <test-method is-config="true" signature="tearDownClass()[pri:0, instance:cucumber.CucumberTestRunner@4a883b15]" started-at="2023-12-28T19:23:37 IST" name="tearDownClass" finished-at="2023-12-28T19:23:37 IST" duration-ms="53" status="PASS">
          <reporter-output>
          </reporter-output>
        </test-method> <!-- tearDownClass -->
      </class> <!-- cucumber.CucumberTestRunner -->
    </test> <!-- Default test -->
  </suite> <!-- Default suite -->
</testng-results>
